Copyright 1986-2022 Xilinx, Inc. All Rights Reserved.
---------------------------------------------------------------------------------------------------------------------------------------------------------------------------------------------------
| Tool Version : Vivado v.2022.1 (win64) Build 3526262 Mon Apr 18 15:48:16 MDT 2022
| Date         : Mon Oct 17 17:18:39 2022
| Host         : DESKTOP-FA8ORVD running 64-bit major release  (build 9200)
| Command      : report_timing_summary -max_paths 10 -report_unconstrained -file q2_timing_summary_routed.rpt -pb q2_timing_summary_routed.pb -rpx q2_timing_summary_routed.rpx -warn_on_violation
| Design       : q2
| Device       : 7a35ti-cpg236
| Speed File   : -1L  PRODUCTION 1.23 2018-06-13
---------------------------------------------------------------------------------------------------------------------------------------------------------------------------------------------------

Timing Summary Report

------------------------------------------------------------------------------------------------
| Timer Settings
| --------------
------------------------------------------------------------------------------------------------

  Enable Multi Corner Analysis               :  Yes
  Enable Pessimism Removal                   :  Yes
  Pessimism Removal Resolution               :  Nearest Common Node
  Enable Input Delay Default Clock           :  No
  Enable Preset / Clear Arcs                 :  No
  Disable Flight Delays                      :  No
  Ignore I/O Paths                           :  No
  Timing Early Launch at Borrowing Latches   :  No
  Borrow Time for Max Delay Exceptions       :  Yes
  Merge Timing Exceptions                    :  Yes

  Corner  Analyze    Analyze    
  Name    Max Paths  Min Paths  
  ------  ---------  ---------  
  Slow    Yes        Yes        
  Fast    Yes        Yes        


------------------------------------------------------------------------------------------------
| Report Methodology
| ------------------
------------------------------------------------------------------------------------------------

Rule       Severity          Description                  Violations  
---------  ----------------  ---------------------------  ----------  
TIMING-17  Critical Warning  Non-clocked sequential cell  3           

Note: This report is based on the most recent report_methodology run and may not be up-to-date. Run report_methodology on the current design for the latest report.



check_timing report

Table of Contents
-----------------
1. checking no_clock (3)
2. checking constant_clock (0)
3. checking pulse_width_clock (0)
4. checking unconstrained_internal_endpoints (3)
5. checking no_input_delay (1)
6. checking no_output_delay (2)
7. checking multiple_clock (0)
8. checking generated_clocks (0)
9. checking loops (0)
10. checking partial_input_delay (0)
11. checking partial_output_delay (0)
12. checking latch_loops (0)

1. checking no_clock (3)
------------------------
 There are 3 register/latch pins with no clock driven by root clock pin: btnC (HIGH)


2. checking constant_clock (0)
------------------------------
 There are 0 register/latch pins with constant_clock.


3. checking pulse_width_clock (0)
---------------------------------
 There are 0 register/latch pins which need pulse_width check


4. checking unconstrained_internal_endpoints (3)
------------------------------------------------
 There are 3 pins that are not constrained for maximum delay. (HIGH)

 There are 0 pins that are not constrained for maximum delay due to constant clock.


5. checking no_input_delay (1)
------------------------------
 There is 1 input port with no input delay specified. (HIGH)

 There are 0 input ports with no input delay but user has a false path constraint.


6. checking no_output_delay (2)
-------------------------------
 There are 2 ports with no output delay specified. (HIGH)

 There are 0 ports with no output delay but user has a false path constraint

 There are 0 ports with no output delay but with a timing clock defined on it or propagating through it


7. checking multiple_clock (0)
------------------------------
 There are 0 register/latch pins with multiple clocks.


8. checking generated_clocks (0)
--------------------------------
 There are 0 generated clocks that are not connected to a clock source.


9. checking loops (0)
---------------------
 There are 0 combinational loops in the design.


10. checking partial_input_delay (0)
------------------------------------
 There are 0 input ports with partial input delay specified.


11. checking partial_output_delay (0)
-------------------------------------
 There are 0 ports with partial output delay specified.


12. checking latch_loops (0)
----------------------------
 There are 0 combinational latch loops in the design through latch input



------------------------------------------------------------------------------------------------
| Design Timing Summary
| ---------------------
------------------------------------------------------------------------------------------------

    WNS(ns)      TNS(ns)  TNS Failing Endpoints  TNS Total Endpoints      WHS(ns)      THS(ns)  THS Failing Endpoints  THS Total Endpoints     WPWS(ns)     TPWS(ns)  TPWS Failing Endpoints  TPWS Total Endpoints  
    -------      -------  ---------------------  -------------------      -------      -------  ---------------------  -------------------     --------     --------  ----------------------  --------------------  
        inf        0.000                      0                    5          inf        0.000                      0                    5           NA           NA                      NA                    NA  


There are no user specified timing constraints.


------------------------------------------------------------------------------------------------
| Clock Summary
| -------------
------------------------------------------------------------------------------------------------


------------------------------------------------------------------------------------------------
| Intra Clock Table
| -----------------
------------------------------------------------------------------------------------------------

Clock             WNS(ns)      TNS(ns)  TNS Failing Endpoints  TNS Total Endpoints      WHS(ns)      THS(ns)  THS Failing Endpoints  THS Total Endpoints     WPWS(ns)     TPWS(ns)  TPWS Failing Endpoints  TPWS Total Endpoints  
-----             -------      -------  ---------------------  -------------------      -------      -------  ---------------------  -------------------     --------     --------  ----------------------  --------------------  


------------------------------------------------------------------------------------------------
| Inter Clock Table
| -----------------
------------------------------------------------------------------------------------------------

From Clock    To Clock          WNS(ns)      TNS(ns)  TNS Failing Endpoints  TNS Total Endpoints      WHS(ns)      THS(ns)  THS Failing Endpoints  THS Total Endpoints  
----------    --------          -------      -------  ---------------------  -------------------      -------      -------  ---------------------  -------------------  


------------------------------------------------------------------------------------------------
| Other Path Groups Table
| -----------------------
------------------------------------------------------------------------------------------------

Path Group    From Clock    To Clock          WNS(ns)      TNS(ns)  TNS Failing Endpoints  TNS Total Endpoints      WHS(ns)      THS(ns)  THS Failing Endpoints  THS Total Endpoints  
----------    ----------    --------          -------      -------  ---------------------  -------------------      -------      -------  ---------------------  -------------------  


------------------------------------------------------------------------------------------------
| User Ignored Path Table
| -----------------------
------------------------------------------------------------------------------------------------

Path Group    From Clock    To Clock    
----------    ----------    --------    


------------------------------------------------------------------------------------------------
| Unconstrained Path Table
| ------------------------
------------------------------------------------------------------------------------------------

Path Group    From Clock    To Clock    
----------    ----------    --------    
(none)                                    


------------------------------------------------------------------------------------------------
| Timing Details
| --------------
------------------------------------------------------------------------------------------------


--------------------------------------------------------------------------------------
Path Group:  (none)
From Clock:  
  To Clock:  

Max Delay             5 Endpoints
Min Delay             5 Endpoints
--------------------------------------------------------------------------------------


Max Delay Paths
--------------------------------------------------------------------------------------
Slack:                    inf
  Source:                 s2_reg/C
                            (rising edge-triggered cell FDRE)
  Destination:            led[1]
                            (output port)
  Path Group:             (none)
  Path Type:              Max at Slow Process Corner
  Data Path Delay:        6.038ns  (logic 3.986ns (66.015%)  route 2.052ns (33.985%))
  Logic Levels:           2  (FDRE=1 OBUF=1)

    Location             Delay type                Incr(ns)  Path(ns)    Netlist Resource(s)
  -------------------------------------------------------------------    -------------------
    SLICE_X0Y31          FDRE                         0.000     0.000 r  s2_reg/C
    SLICE_X0Y31          FDRE (Prop_fdre_C_Q)         0.456     0.456 r  s2_reg/Q
                         net (fo=1, routed)           2.052     2.508    led_OBUF[1]
    E19                  OBUF (Prop_obuf_I_O)         3.530     6.038 r  led_OBUF[1]_inst/O
                         net (fo=0)                   0.000     6.038    led[1]
    E19                                                               r  led[1] (OUT)
  -------------------------------------------------------------------    -------------------

Slack:                    inf
  Source:                 s1_reg/C
                            (rising edge-triggered cell FDRE)
  Destination:            led[0]
                            (output port)
  Path Group:             (none)
  Path Type:              Max at Slow Process Corner
  Data Path Delay:        5.839ns  (logic 3.961ns (67.828%)  route 1.879ns (32.172%))
  Logic Levels:           2  (FDRE=1 OBUF=1)

    Location             Delay type                Incr(ns)  Path(ns)    Netlist Resource(s)
  -------------------------------------------------------------------    -------------------
    SLICE_X0Y10          FDRE                         0.000     0.000 r  s1_reg/C
    SLICE_X0Y10          FDRE (Prop_fdre_C_Q)         0.456     0.456 r  s1_reg/Q
                         net (fo=1, routed)           1.879     2.335    led_OBUF[0]
    U16                  OBUF (Prop_obuf_I_O)         3.505     5.839 r  led_OBUF[0]_inst/O
                         net (fo=0)                   0.000     5.839    led[0]
    U16                                                               r  led[0] (OUT)
  -------------------------------------------------------------------    -------------------

Slack:                    inf
  Source:                 sw[0]
                            (input port)
  Destination:            s3_reg/D
  Path Group:             (none)
  Path Type:              Max at Slow Process Corner
  Data Path Delay:        2.212ns  (logic 1.453ns (65.668%)  route 0.760ns (34.332%))
  Logic Levels:           1  (IBUF=1)

    Location             Delay type                Incr(ns)  Path(ns)    Netlist Resource(s)
  -------------------------------------------------------------------    -------------------
    V17                                               0.000     0.000 r  sw[0] (IN)
                         net (fo=0)                   0.000     0.000    sw[0]
    V17                  IBUF (Prop_ibuf_I_O)         1.453     1.453 r  sw_IBUF[0]_inst/O
                         net (fo=1, routed)           0.760     2.212    sw_IBUF[0]
    SLICE_X0Y11          FDRE                                         r  s3_reg/D
  -------------------------------------------------------------------    -------------------

Slack:                    inf
  Source:                 s3_reg/C
                            (rising edge-triggered cell FDRE)
  Destination:            s2_reg/D
  Path Group:             (none)
  Path Type:              Max at Slow Process Corner
  Data Path Delay:        1.860ns  (logic 0.580ns (31.179%)  route 1.280ns (68.821%))
  Logic Levels:           2  (FDRE=1 LUT1=1)

    Location             Delay type                Incr(ns)  Path(ns)    Netlist Resource(s)
  -------------------------------------------------------------------    -------------------
    SLICE_X0Y11          FDRE                         0.000     0.000 r  s3_reg/C
    SLICE_X0Y11          FDRE (Prop_fdre_C_Q)         0.456     0.456 f  s3_reg/Q
                         net (fo=2, routed)           1.280     1.736    s3
    SLICE_X0Y31          LUT1 (Prop_lut1_I0_O)        0.124     1.860 r  s2_i_1/O
                         net (fo=1, routed)           0.000     1.860    p_0_in
    SLICE_X0Y31          FDRE                                         r  s2_reg/D
  -------------------------------------------------------------------    -------------------

Slack:                    inf
  Source:                 s3_reg/C
                            (rising edge-triggered cell FDRE)
  Destination:            s1_reg/D
  Path Group:             (none)
  Path Type:              Max at Slow Process Corner
  Data Path Delay:        0.811ns  (logic 0.456ns (56.240%)  route 0.355ns (43.760%))
  Logic Levels:           1  (FDRE=1)

    Location             Delay type                Incr(ns)  Path(ns)    Netlist Resource(s)
  -------------------------------------------------------------------    -------------------
    SLICE_X0Y11          FDRE                         0.000     0.000 r  s3_reg/C
    SLICE_X0Y11          FDRE (Prop_fdre_C_Q)         0.456     0.456 r  s3_reg/Q
                         net (fo=2, routed)           0.355     0.811    s3
    SLICE_X0Y10          FDRE                                         r  s1_reg/D
  -------------------------------------------------------------------    -------------------





Min Delay Paths
--------------------------------------------------------------------------------------
Slack:                    inf
  Source:                 s3_reg/C
                            (rising edge-triggered cell FDRE)
  Destination:            s1_reg/D
  Path Group:             (none)
  Path Type:              Min at Fast Process Corner
  Data Path Delay:        0.275ns  (logic 0.141ns (51.309%)  route 0.134ns (48.691%))
  Logic Levels:           1  (FDRE=1)

    Location             Delay type                Incr(ns)  Path(ns)    Netlist Resource(s)
  -------------------------------------------------------------------    -------------------
    SLICE_X0Y11          FDRE                         0.000     0.000 r  s3_reg/C
    SLICE_X0Y11          FDRE (Prop_fdre_C_Q)         0.141     0.141 r  s3_reg/Q
                         net (fo=2, routed)           0.134     0.275    s3
    SLICE_X0Y10          FDRE                                         r  s1_reg/D
  -------------------------------------------------------------------    -------------------

Slack:                    inf
  Source:                 sw[0]
                            (input port)
  Destination:            s3_reg/D
  Path Group:             (none)
  Path Type:              Min at Fast Process Corner
  Data Path Delay:        0.521ns  (logic 0.221ns (42.448%)  route 0.300ns (57.552%))
  Logic Levels:           1  (IBUF=1)

    Location             Delay type                Incr(ns)  Path(ns)    Netlist Resource(s)
  -------------------------------------------------------------------    -------------------
    V17                                               0.000     0.000 r  sw[0] (IN)
                         net (fo=0)                   0.000     0.000    sw[0]
    V17                  IBUF (Prop_ibuf_I_O)         0.221     0.221 r  sw_IBUF[0]_inst/O
                         net (fo=1, routed)           0.300     0.521    sw_IBUF[0]
    SLICE_X0Y11          FDRE                                         r  s3_reg/D
  -------------------------------------------------------------------    -------------------

Slack:                    inf
  Source:                 s3_reg/C
                            (rising edge-triggered cell FDRE)
  Destination:            s2_reg/D
  Path Group:             (none)
  Path Type:              Min at Fast Process Corner
  Data Path Delay:        0.708ns  (logic 0.186ns (26.262%)  route 0.522ns (73.738%))
  Logic Levels:           2  (FDRE=1 LUT1=1)

    Location             Delay type                Incr(ns)  Path(ns)    Netlist Resource(s)
  -------------------------------------------------------------------    -------------------
    SLICE_X0Y11          FDRE                         0.000     0.000 r  s3_reg/C
    SLICE_X0Y11          FDRE (Prop_fdre_C_Q)         0.141     0.141 f  s3_reg/Q
                         net (fo=2, routed)           0.522     0.663    s3
    SLICE_X0Y31          LUT1 (Prop_lut1_I0_O)        0.045     0.708 r  s2_i_1/O
                         net (fo=1, routed)           0.000     0.708    p_0_in
    SLICE_X0Y31          FDRE                                         r  s2_reg/D
  -------------------------------------------------------------------    -------------------

Slack:                    inf
  Source:                 s1_reg/C
                            (rising edge-triggered cell FDRE)
  Destination:            led[0]
                            (output port)
  Path Group:             (none)
  Path Type:              Min at Fast Process Corner
  Data Path Delay:        1.773ns  (logic 1.347ns (75.986%)  route 0.426ns (24.014%))
  Logic Levels:           2  (FDRE=1 OBUF=1)

    Location             Delay type                Incr(ns)  Path(ns)    Netlist Resource(s)
  -------------------------------------------------------------------    -------------------
    SLICE_X0Y10          FDRE                         0.000     0.000 r  s1_reg/C
    SLICE_X0Y10          FDRE (Prop_fdre_C_Q)         0.141     0.141 r  s1_reg/Q
                         net (fo=1, routed)           0.426     0.567    led_OBUF[0]
    U16                  OBUF (Prop_obuf_I_O)         1.206     1.773 r  led_OBUF[0]_inst/O
                         net (fo=0)                   0.000     1.773    led[0]
    U16                                                               r  led[0] (OUT)
  -------------------------------------------------------------------    -------------------

Slack:                    inf
  Source:                 s2_reg/C
                            (rising edge-triggered cell FDRE)
  Destination:            led[1]
                            (output port)
  Path Group:             (none)
  Path Type:              Min at Fast Process Corner
  Data Path Delay:        1.870ns  (logic 1.372ns (73.330%)  route 0.499ns (26.670%))
  Logic Levels:           2  (FDRE=1 OBUF=1)

    Location             Delay type                Incr(ns)  Path(ns)    Netlist Resource(s)
  -------------------------------------------------------------------    -------------------
    SLICE_X0Y31          FDRE                         0.000     0.000 r  s2_reg/C
    SLICE_X0Y31          FDRE (Prop_fdre_C_Q)         0.141     0.141 r  s2_reg/Q
                         net (fo=1, routed)           0.499     0.640    led_OBUF[1]
    E19                  OBUF (Prop_obuf_I_O)         1.231     1.870 r  led_OBUF[1]_inst/O
                         net (fo=0)                   0.000     1.870    led[1]
    E19                                                               r  led[1] (OUT)
  -------------------------------------------------------------------    -------------------





