Copyright 1986-2022 Xilinx, Inc. All Rights Reserved.
---------------------------------------------------------------------------------------------------------------------------------------------------------------------------------------------------
| Tool Version : Vivado v.2022.1 (win64) Build 3526262 Mon Apr 18 15:48:16 MDT 2022
| Date         : Mon Oct 10 18:10:50 2022
| Host         : DESKTOP-FA8ORVD running 64-bit major release  (build 9200)
| Command      : report_timing_summary -max_paths 10 -report_unconstrained -file q1_timing_summary_routed.rpt -pb q1_timing_summary_routed.pb -rpx q1_timing_summary_routed.rpx -warn_on_violation
| Design       : q1
| Device       : 7a35ti-cpg236
| Speed File   : -1L  PRODUCTION 1.23 2018-06-13
---------------------------------------------------------------------------------------------------------------------------------------------------------------------------------------------------

Timing Summary Report

------------------------------------------------------------------------------------------------
| Timer Settings
| --------------
------------------------------------------------------------------------------------------------

  Enable Multi Corner Analysis               :  Yes
  Enable Pessimism Removal                   :  Yes
  Pessimism Removal Resolution               :  Nearest Common Node
  Enable Input Delay Default Clock           :  No
  Enable Preset / Clear Arcs                 :  No
  Disable Flight Delays                      :  No
  Ignore I/O Paths                           :  No
  Timing Early Launch at Borrowing Latches   :  No
  Borrow Time for Max Delay Exceptions       :  Yes
  Merge Timing Exceptions                    :  Yes

  Corner  Analyze    Analyze    
  Name    Max Paths  Min Paths  
  ------  ---------  ---------  
  Slow    Yes        Yes        
  Fast    Yes        Yes        


------------------------------------------------------------------------------------------------
| Report Methodology
| ------------------
------------------------------------------------------------------------------------------------

Rule       Severity          Description                  Violations  
---------  ----------------  ---------------------------  ----------  
TIMING-17  Critical Warning  Non-clocked sequential cell  4           

Note: This report is based on the most recent report_methodology run and may not be up-to-date. Run report_methodology on the current design for the latest report.



check_timing report

Table of Contents
-----------------
1. checking no_clock (4)
2. checking constant_clock (0)
3. checking pulse_width_clock (0)
4. checking unconstrained_internal_endpoints (8)
5. checking no_input_delay (2)
6. checking no_output_delay (4)
7. checking multiple_clock (0)
8. checking generated_clocks (0)
9. checking loops (0)
10. checking partial_input_delay (0)
11. checking partial_output_delay (0)
12. checking latch_loops (0)

1. checking no_clock (4)
------------------------
 There are 4 register/latch pins with no clock driven by root clock pin: btnC (HIGH)


2. checking constant_clock (0)
------------------------------
 There are 0 register/latch pins with constant_clock.


3. checking pulse_width_clock (0)
---------------------------------
 There are 0 register/latch pins which need pulse_width check


4. checking unconstrained_internal_endpoints (8)
------------------------------------------------
 There are 8 pins that are not constrained for maximum delay. (HIGH)

 There are 0 pins that are not constrained for maximum delay due to constant clock.


5. checking no_input_delay (2)
------------------------------
 There are 2 input ports with no input delay specified. (HIGH)

 There are 0 input ports with no input delay but user has a false path constraint.


6. checking no_output_delay (4)
-------------------------------
 There are 4 ports with no output delay specified. (HIGH)

 There are 0 ports with no output delay but user has a false path constraint

 There are 0 ports with no output delay but with a timing clock defined on it or propagating through it


7. checking multiple_clock (0)
------------------------------
 There are 0 register/latch pins with multiple clocks.


8. checking generated_clocks (0)
--------------------------------
 There are 0 generated clocks that are not connected to a clock source.


9. checking loops (0)
---------------------
 There are 0 combinational loops in the design.


10. checking partial_input_delay (0)
------------------------------------
 There are 0 input ports with partial input delay specified.


11. checking partial_output_delay (0)
-------------------------------------
 There are 0 ports with partial output delay specified.


12. checking latch_loops (0)
----------------------------
 There are 0 combinational latch loops in the design through latch input



------------------------------------------------------------------------------------------------
| Design Timing Summary
| ---------------------
------------------------------------------------------------------------------------------------

    WNS(ns)      TNS(ns)  TNS Failing Endpoints  TNS Total Endpoints      WHS(ns)      THS(ns)  THS Failing Endpoints  THS Total Endpoints     WPWS(ns)     TPWS(ns)  TPWS Failing Endpoints  TPWS Total Endpoints  
    -------      -------  ---------------------  -------------------      -------      -------  ---------------------  -------------------     --------     --------  ----------------------  --------------------  
        inf        0.000                      0                   12          inf        0.000                      0                   12           NA           NA                      NA                    NA  


There are no user specified timing constraints.


------------------------------------------------------------------------------------------------
| Clock Summary
| -------------
------------------------------------------------------------------------------------------------


------------------------------------------------------------------------------------------------
| Intra Clock Table
| -----------------
------------------------------------------------------------------------------------------------

Clock             WNS(ns)      TNS(ns)  TNS Failing Endpoints  TNS Total Endpoints      WHS(ns)      THS(ns)  THS Failing Endpoints  THS Total Endpoints     WPWS(ns)     TPWS(ns)  TPWS Failing Endpoints  TPWS Total Endpoints  
-----             -------      -------  ---------------------  -------------------      -------      -------  ---------------------  -------------------     --------     --------  ----------------------  --------------------  


------------------------------------------------------------------------------------------------
| Inter Clock Table
| -----------------
------------------------------------------------------------------------------------------------

From Clock    To Clock          WNS(ns)      TNS(ns)  TNS Failing Endpoints  TNS Total Endpoints      WHS(ns)      THS(ns)  THS Failing Endpoints  THS Total Endpoints  
----------    --------          -------      -------  ---------------------  -------------------      -------      -------  ---------------------  -------------------  


------------------------------------------------------------------------------------------------
| Other Path Groups Table
| -----------------------
------------------------------------------------------------------------------------------------

Path Group    From Clock    To Clock          WNS(ns)      TNS(ns)  TNS Failing Endpoints  TNS Total Endpoints      WHS(ns)      THS(ns)  THS Failing Endpoints  THS Total Endpoints  
----------    ----------    --------          -------      -------  ---------------------  -------------------      -------      -------  ---------------------  -------------------  


------------------------------------------------------------------------------------------------
| User Ignored Path Table
| -----------------------
------------------------------------------------------------------------------------------------

Path Group    From Clock    To Clock    
----------    ----------    --------    


------------------------------------------------------------------------------------------------
| Unconstrained Path Table
| ------------------------
------------------------------------------------------------------------------------------------

Path Group    From Clock    To Clock    
----------    ----------    --------    
(none)                                    


------------------------------------------------------------------------------------------------
| Timing Details
| --------------
------------------------------------------------------------------------------------------------


--------------------------------------------------------------------------------------
Path Group:  (none)
From Clock:  
  To Clock:  

Max Delay            12 Endpoints
Min Delay            12 Endpoints
--------------------------------------------------------------------------------------


Max Delay Paths
--------------------------------------------------------------------------------------
Slack:                    inf
  Source:                 FSM_onehot_state_reg[2]/C
                            (rising edge-triggered cell FDCE)
  Destination:            led[7]
                            (output port)
  Path Group:             (none)
  Path Type:              Max at Slow Process Corner
  Data Path Delay:        5.842ns  (logic 4.095ns (70.095%)  route 1.747ns (29.905%))
  Logic Levels:           2  (FDCE=1 OBUF=1)

    Location             Delay type                Incr(ns)  Path(ns)    Netlist Resource(s)
  -------------------------------------------------------------------    -------------------
    SLICE_X0Y3           FDCE                         0.000     0.000 r  FSM_onehot_state_reg[2]/C
    SLICE_X0Y3           FDCE (Prop_fdce_C_Q)         0.419     0.419 r  FSM_onehot_state_reg[2]/Q
                         net (fo=3, routed)           1.747     2.166    led_OBUF[7]
    V14                  OBUF (Prop_obuf_I_O)         3.676     5.842 r  led_OBUF[7]_inst/O
                         net (fo=0)                   0.000     5.842    led[7]
    V14                                                               r  led[7] (OUT)
  -------------------------------------------------------------------    -------------------

Slack:                    inf
  Source:                 led_reg[0]/C
                            (rising edge-triggered cell FDCE)
  Destination:            led[0]
                            (output port)
  Path Group:             (none)
  Path Type:              Max at Slow Process Corner
  Data Path Delay:        5.775ns  (logic 4.096ns (70.924%)  route 1.679ns (29.076%))
  Logic Levels:           2  (FDCE=1 OBUF=1)

    Location             Delay type                Incr(ns)  Path(ns)    Netlist Resource(s)
  -------------------------------------------------------------------    -------------------
    SLICE_X0Y3           FDCE                         0.000     0.000 r  led_reg[0]/C
    SLICE_X0Y3           FDCE (Prop_fdce_C_Q)         0.419     0.419 r  led_reg[0]/Q
                         net (fo=1, routed)           1.679     2.098    led_OBUF[0]
    U16                  OBUF (Prop_obuf_I_O)         3.677     5.775 r  led_OBUF[0]_inst/O
                         net (fo=0)                   0.000     5.775    led[0]
    U16                                                               r  led[0] (OUT)
  -------------------------------------------------------------------    -------------------

Slack:                    inf
  Source:                 FSM_onehot_state_reg[1]/C
                            (rising edge-triggered cell FDCE)
  Destination:            led[6]
                            (output port)
  Path Group:             (none)
  Path Type:              Max at Slow Process Corner
  Data Path Delay:        5.688ns  (logic 3.962ns (69.658%)  route 1.726ns (30.342%))
  Logic Levels:           2  (FDCE=1 OBUF=1)

    Location             Delay type                Incr(ns)  Path(ns)    Netlist Resource(s)
  -------------------------------------------------------------------    -------------------
    SLICE_X0Y3           FDCE                         0.000     0.000 r  FSM_onehot_state_reg[1]/C
    SLICE_X0Y3           FDCE (Prop_fdce_C_Q)         0.456     0.456 r  FSM_onehot_state_reg[1]/Q
                         net (fo=3, routed)           1.726     2.182    led_OBUF[6]
    U14                  OBUF (Prop_obuf_I_O)         3.506     5.688 r  led_OBUF[6]_inst/O
                         net (fo=0)                   0.000     5.688    led[6]
    U14                                                               r  led[6] (OUT)
  -------------------------------------------------------------------    -------------------

Slack:                    inf
  Source:                 FSM_onehot_state_reg[0]/C
                            (rising edge-triggered cell FDPE)
  Destination:            led[5]
                            (output port)
  Path Group:             (none)
  Path Type:              Max at Slow Process Corner
  Data Path Delay:        5.669ns  (logic 3.970ns (70.045%)  route 1.698ns (29.955%))
  Logic Levels:           2  (FDPE=1 OBUF=1)

    Location             Delay type                Incr(ns)  Path(ns)    Netlist Resource(s)
  -------------------------------------------------------------------    -------------------
    SLICE_X0Y3           FDPE                         0.000     0.000 r  FSM_onehot_state_reg[0]/C
    SLICE_X0Y3           FDPE (Prop_fdpe_C_Q)         0.456     0.456 r  FSM_onehot_state_reg[0]/Q
                         net (fo=3, routed)           1.698     2.154    led_OBUF[5]
    U15                  OBUF (Prop_obuf_I_O)         3.514     5.669 r  led_OBUF[5]_inst/O
                         net (fo=0)                   0.000     5.669    led[5]
    U15                                                               r  led[5] (OUT)
  -------------------------------------------------------------------    -------------------

Slack:                    inf
  Source:                 sw[0]
                            (input port)
  Destination:            FSM_onehot_state_reg[2]/D
  Path Group:             (none)
  Path Type:              Max at Slow Process Corner
  Data Path Delay:        3.170ns  (logic 1.603ns (50.561%)  route 1.567ns (49.439%))
  Logic Levels:           2  (IBUF=1 LUT3=1)

    Location             Delay type                Incr(ns)  Path(ns)    Netlist Resource(s)
  -------------------------------------------------------------------    -------------------
    V17                                               0.000     0.000 f  sw[0] (IN)
                         net (fo=0)                   0.000     0.000    sw[0]
    V17                  IBUF (Prop_ibuf_I_O)         1.453     1.453 f  sw_IBUF[0]_inst/O
                         net (fo=4, routed)           1.567     3.020    sw_IBUF[0]
    SLICE_X0Y3           LUT3 (Prop_lut3_I1_O)        0.150     3.170 r  FSM_onehot_state[2]_i_1/O
                         net (fo=1, routed)           0.000     3.170    FSM_onehot_state[2]_i_1_n_0
    SLICE_X0Y3           FDCE                                         r  FSM_onehot_state_reg[2]/D
  -------------------------------------------------------------------    -------------------

Slack:                    inf
  Source:                 sw[0]
                            (input port)
  Destination:            FSM_onehot_state_reg[1]/D
  Path Group:             (none)
  Path Type:              Max at Slow Process Corner
  Data Path Delay:        3.144ns  (logic 1.577ns (50.152%)  route 1.567ns (49.848%))
  Logic Levels:           2  (IBUF=1 LUT4=1)

    Location             Delay type                Incr(ns)  Path(ns)    Netlist Resource(s)
  -------------------------------------------------------------------    -------------------
    V17                                               0.000     0.000 r  sw[0] (IN)
                         net (fo=0)                   0.000     0.000    sw[0]
    V17                  IBUF (Prop_ibuf_I_O)         1.453     1.453 r  sw_IBUF[0]_inst/O
                         net (fo=4, routed)           1.567     3.020    sw_IBUF[0]
    SLICE_X0Y3           LUT4 (Prop_lut4_I2_O)        0.124     3.144 r  FSM_onehot_state[1]_i_1/O
                         net (fo=1, routed)           0.000     3.144    FSM_onehot_state[1]_i_1_n_0
    SLICE_X0Y3           FDCE                                         r  FSM_onehot_state_reg[1]/D
  -------------------------------------------------------------------    -------------------

Slack:                    inf
  Source:                 sw[0]
                            (input port)
  Destination:            FSM_onehot_state_reg[0]/D
  Path Group:             (none)
  Path Type:              Max at Slow Process Corner
  Data Path Delay:        2.997ns  (logic 1.577ns (52.609%)  route 1.420ns (47.391%))
  Logic Levels:           2  (IBUF=1 LUT2=1)

    Location             Delay type                Incr(ns)  Path(ns)    Netlist Resource(s)
  -------------------------------------------------------------------    -------------------
    V17                                               0.000     0.000 f  sw[0] (IN)
                         net (fo=0)                   0.000     0.000    sw[0]
    V17                  IBUF (Prop_ibuf_I_O)         1.453     1.453 f  sw_IBUF[0]_inst/O
                         net (fo=4, routed)           1.420     2.873    sw_IBUF[0]
    SLICE_X0Y3           LUT2 (Prop_lut2_I1_O)        0.124     2.997 r  FSM_onehot_state[0]_i_1/O
                         net (fo=1, routed)           0.000     2.997    FSM_onehot_state[0]_i_1_n_0
    SLICE_X0Y3           FDPE                                         r  FSM_onehot_state_reg[0]/D
  -------------------------------------------------------------------    -------------------

Slack:                    inf
  Source:                 sw[0]
                            (input port)
  Destination:            led_reg[0]/D
  Path Group:             (none)
  Path Type:              Max at Slow Process Corner
  Data Path Delay:        2.766ns  (logic 1.453ns (52.524%)  route 1.313ns (47.476%))
  Logic Levels:           1  (IBUF=1)

    Location             Delay type                Incr(ns)  Path(ns)    Netlist Resource(s)
  -------------------------------------------------------------------    -------------------
    V17                                               0.000     0.000 r  sw[0] (IN)
                         net (fo=0)                   0.000     0.000    sw[0]
    V17                  IBUF (Prop_ibuf_I_O)         1.453     1.453 r  sw_IBUF[0]_inst/O
                         net (fo=4, routed)           1.313     2.766    sw_IBUF[0]
    SLICE_X0Y3           FDCE                                         r  led_reg[0]/D
  -------------------------------------------------------------------    -------------------

Slack:                    inf
  Source:                 btnD
                            (input port)
  Destination:            FSM_onehot_state_reg[0]/PRE
  Path Group:             (none)
  Path Type:              Max at Slow Process Corner
  Data Path Delay:        2.765ns  (logic 1.452ns (52.521%)  route 1.313ns (47.479%))
  Logic Levels:           1  (IBUF=1)

    Location             Delay type                Incr(ns)  Path(ns)    Netlist Resource(s)
  -------------------------------------------------------------------    -------------------
    U17                                               0.000     0.000 f  btnD (IN)
                         net (fo=0)                   0.000     0.000    btnD
    U17                  IBUF (Prop_ibuf_I_O)         1.452     1.452 f  btnD_IBUF_inst/O
                         net (fo=4, routed)           1.313     2.765    btnD_IBUF
    SLICE_X0Y3           FDPE                                         f  FSM_onehot_state_reg[0]/PRE
  -------------------------------------------------------------------    -------------------

Slack:                    inf
  Source:                 btnD
                            (input port)
  Destination:            FSM_onehot_state_reg[1]/CLR
  Path Group:             (none)
  Path Type:              Max at Slow Process Corner
  Data Path Delay:        2.765ns  (logic 1.452ns (52.521%)  route 1.313ns (47.479%))
  Logic Levels:           1  (IBUF=1)

    Location             Delay type                Incr(ns)  Path(ns)    Netlist Resource(s)
  -------------------------------------------------------------------    -------------------
    U17                                               0.000     0.000 f  btnD (IN)
                         net (fo=0)                   0.000     0.000    btnD
    U17                  IBUF (Prop_ibuf_I_O)         1.452     1.452 f  btnD_IBUF_inst/O
                         net (fo=4, routed)           1.313     2.765    btnD_IBUF
    SLICE_X0Y3           FDCE                                         f  FSM_onehot_state_reg[1]/CLR
  -------------------------------------------------------------------    -------------------





Min Delay Paths
--------------------------------------------------------------------------------------
Slack:                    inf
  Source:                 FSM_onehot_state_reg[1]/C
                            (rising edge-triggered cell FDCE)
  Destination:            FSM_onehot_state_reg[2]/D
  Path Group:             (none)
  Path Type:              Min at Fast Process Corner
  Data Path Delay:        0.370ns  (logic 0.183ns (49.464%)  route 0.187ns (50.536%))
  Logic Levels:           2  (FDCE=1 LUT3=1)

    Location             Delay type                Incr(ns)  Path(ns)    Netlist Resource(s)
  -------------------------------------------------------------------    -------------------
    SLICE_X0Y3           FDCE                         0.000     0.000 r  FSM_onehot_state_reg[1]/C
    SLICE_X0Y3           FDCE (Prop_fdce_C_Q)         0.141     0.141 r  FSM_onehot_state_reg[1]/Q
                         net (fo=3, routed)           0.187     0.328    led_OBUF[6]
    SLICE_X0Y3           LUT3 (Prop_lut3_I0_O)        0.042     0.370 r  FSM_onehot_state[2]_i_1/O
                         net (fo=1, routed)           0.000     0.370    FSM_onehot_state[2]_i_1_n_0
    SLICE_X0Y3           FDCE                                         r  FSM_onehot_state_reg[2]/D
  -------------------------------------------------------------------    -------------------

Slack:                    inf
  Source:                 FSM_onehot_state_reg[1]/C
                            (rising edge-triggered cell FDCE)
  Destination:            FSM_onehot_state_reg[1]/D
  Path Group:             (none)
  Path Type:              Min at Fast Process Corner
  Data Path Delay:        0.373ns  (logic 0.186ns (49.871%)  route 0.187ns (50.129%))
  Logic Levels:           2  (FDCE=1 LUT4=1)

    Location             Delay type                Incr(ns)  Path(ns)    Netlist Resource(s)
  -------------------------------------------------------------------    -------------------
    SLICE_X0Y3           FDCE                         0.000     0.000 r  FSM_onehot_state_reg[1]/C
    SLICE_X0Y3           FDCE (Prop_fdce_C_Q)         0.141     0.141 r  FSM_onehot_state_reg[1]/Q
                         net (fo=3, routed)           0.187     0.328    led_OBUF[6]
    SLICE_X0Y3           LUT4 (Prop_lut4_I0_O)        0.045     0.373 r  FSM_onehot_state[1]_i_1/O
                         net (fo=1, routed)           0.000     0.373    FSM_onehot_state[1]_i_1_n_0
    SLICE_X0Y3           FDCE                                         r  FSM_onehot_state_reg[1]/D
  -------------------------------------------------------------------    -------------------

Slack:                    inf
  Source:                 FSM_onehot_state_reg[0]/C
                            (rising edge-triggered cell FDPE)
  Destination:            FSM_onehot_state_reg[0]/D
  Path Group:             (none)
  Path Type:              Min at Fast Process Corner
  Data Path Delay:        0.434ns  (logic 0.186ns (42.871%)  route 0.248ns (57.129%))
  Logic Levels:           2  (FDPE=1 LUT2=1)

    Location             Delay type                Incr(ns)  Path(ns)    Netlist Resource(s)
  -------------------------------------------------------------------    -------------------
    SLICE_X0Y3           FDPE                         0.000     0.000 r  FSM_onehot_state_reg[0]/C
    SLICE_X0Y3           FDPE (Prop_fdpe_C_Q)         0.141     0.141 r  FSM_onehot_state_reg[0]/Q
                         net (fo=3, routed)           0.248     0.389    led_OBUF[5]
    SLICE_X0Y3           LUT2 (Prop_lut2_I0_O)        0.045     0.434 r  FSM_onehot_state[0]_i_1/O
                         net (fo=1, routed)           0.000     0.434    FSM_onehot_state[0]_i_1_n_0
    SLICE_X0Y3           FDPE                                         r  FSM_onehot_state_reg[0]/D
  -------------------------------------------------------------------    -------------------

Slack:                    inf
  Source:                 sw[0]
                            (input port)
  Destination:            led_reg[0]/D
  Path Group:             (none)
  Path Type:              Min at Fast Process Corner
  Data Path Delay:        0.742ns  (logic 0.221ns (29.771%)  route 0.521ns (70.229%))
  Logic Levels:           1  (IBUF=1)

    Location             Delay type                Incr(ns)  Path(ns)    Netlist Resource(s)
  -------------------------------------------------------------------    -------------------
    V17                                               0.000     0.000 r  sw[0] (IN)
                         net (fo=0)                   0.000     0.000    sw[0]
    V17                  IBUF (Prop_ibuf_I_O)         0.221     0.221 r  sw_IBUF[0]_inst/O
                         net (fo=4, routed)           0.521     0.742    sw_IBUF[0]
    SLICE_X0Y3           FDCE                                         r  led_reg[0]/D
  -------------------------------------------------------------------    -------------------

Slack:                    inf
  Source:                 btnD
                            (input port)
  Destination:            FSM_onehot_state_reg[0]/PRE
  Path Group:             (none)
  Path Type:              Min at Fast Process Corner
  Data Path Delay:        0.754ns  (logic 0.221ns (29.269%)  route 0.533ns (70.731%))
  Logic Levels:           1  (IBUF=1)

    Location             Delay type                Incr(ns)  Path(ns)    Netlist Resource(s)
  -------------------------------------------------------------------    -------------------
    U17                                               0.000     0.000 f  btnD (IN)
                         net (fo=0)                   0.000     0.000    btnD
    U17                  IBUF (Prop_ibuf_I_O)         0.221     0.221 f  btnD_IBUF_inst/O
                         net (fo=4, routed)           0.533     0.754    btnD_IBUF
    SLICE_X0Y3           FDPE                                         f  FSM_onehot_state_reg[0]/PRE
  -------------------------------------------------------------------    -------------------

Slack:                    inf
  Source:                 btnD
                            (input port)
  Destination:            FSM_onehot_state_reg[1]/CLR
  Path Group:             (none)
  Path Type:              Min at Fast Process Corner
  Data Path Delay:        0.754ns  (logic 0.221ns (29.269%)  route 0.533ns (70.731%))
  Logic Levels:           1  (IBUF=1)

    Location             Delay type                Incr(ns)  Path(ns)    Netlist Resource(s)
  -------------------------------------------------------------------    -------------------
    U17                                               0.000     0.000 f  btnD (IN)
                         net (fo=0)                   0.000     0.000    btnD
    U17                  IBUF (Prop_ibuf_I_O)         0.221     0.221 f  btnD_IBUF_inst/O
                         net (fo=4, routed)           0.533     0.754    btnD_IBUF
    SLICE_X0Y3           FDCE                                         f  FSM_onehot_state_reg[1]/CLR
  -------------------------------------------------------------------    -------------------

Slack:                    inf
  Source:                 btnD
                            (input port)
  Destination:            FSM_onehot_state_reg[2]/CLR
  Path Group:             (none)
  Path Type:              Min at Fast Process Corner
  Data Path Delay:        0.754ns  (logic 0.221ns (29.269%)  route 0.533ns (70.731%))
  Logic Levels:           1  (IBUF=1)

    Location             Delay type                Incr(ns)  Path(ns)    Netlist Resource(s)
  -------------------------------------------------------------------    -------------------
    U17                                               0.000     0.000 f  btnD (IN)
                         net (fo=0)                   0.000     0.000    btnD
    U17                  IBUF (Prop_ibuf_I_O)         0.221     0.221 f  btnD_IBUF_inst/O
                         net (fo=4, routed)           0.533     0.754    btnD_IBUF
    SLICE_X0Y3           FDCE                                         f  FSM_onehot_state_reg[2]/CLR
  -------------------------------------------------------------------    -------------------

Slack:                    inf
  Source:                 btnD
                            (input port)
  Destination:            led_reg[0]/CLR
  Path Group:             (none)
  Path Type:              Min at Fast Process Corner
  Data Path Delay:        0.754ns  (logic 0.221ns (29.269%)  route 0.533ns (70.731%))
  Logic Levels:           1  (IBUF=1)

    Location             Delay type                Incr(ns)  Path(ns)    Netlist Resource(s)
  -------------------------------------------------------------------    -------------------
    U17                                               0.000     0.000 f  btnD (IN)
                         net (fo=0)                   0.000     0.000    btnD
    U17                  IBUF (Prop_ibuf_I_O)         0.221     0.221 f  btnD_IBUF_inst/O
                         net (fo=4, routed)           0.533     0.754    btnD_IBUF
    SLICE_X0Y3           FDCE                                         f  led_reg[0]/CLR
  -------------------------------------------------------------------    -------------------

Slack:                    inf
  Source:                 FSM_onehot_state_reg[0]/C
                            (rising edge-triggered cell FDPE)
  Destination:            led[5]
                            (output port)
  Path Group:             (none)
  Path Type:              Min at Fast Process Corner
  Data Path Delay:        1.706ns  (logic 1.357ns (79.536%)  route 0.349ns (20.464%))
  Logic Levels:           2  (FDPE=1 OBUF=1)

    Location             Delay type                Incr(ns)  Path(ns)    Netlist Resource(s)
  -------------------------------------------------------------------    -------------------
    SLICE_X0Y3           FDPE                         0.000     0.000 r  FSM_onehot_state_reg[0]/C
    SLICE_X0Y3           FDPE (Prop_fdpe_C_Q)         0.141     0.141 r  FSM_onehot_state_reg[0]/Q
                         net (fo=3, routed)           0.349     0.490    led_OBUF[5]
    U15                  OBUF (Prop_obuf_I_O)         1.216     1.706 r  led_OBUF[5]_inst/O
                         net (fo=0)                   0.000     1.706    led[5]
    U15                                                               r  led[5] (OUT)
  -------------------------------------------------------------------    -------------------

Slack:                    inf
  Source:                 FSM_onehot_state_reg[1]/C
                            (rising edge-triggered cell FDCE)
  Destination:            led[6]
                            (output port)
  Path Group:             (none)
  Path Type:              Min at Fast Process Corner
  Data Path Delay:        1.716ns  (logic 1.348ns (78.566%)  route 0.368ns (21.434%))
  Logic Levels:           2  (FDCE=1 OBUF=1)

    Location             Delay type                Incr(ns)  Path(ns)    Netlist Resource(s)
  -------------------------------------------------------------------    -------------------
    SLICE_X0Y3           FDCE                         0.000     0.000 r  FSM_onehot_state_reg[1]/C
    SLICE_X0Y3           FDCE (Prop_fdce_C_Q)         0.141     0.141 r  FSM_onehot_state_reg[1]/Q
                         net (fo=3, routed)           0.368     0.509    led_OBUF[6]
    U14                  OBUF (Prop_obuf_I_O)         1.207     1.716 r  led_OBUF[6]_inst/O
                         net (fo=0)                   0.000     1.716    led[6]
    U14                                                               r  led[6] (OUT)
  -------------------------------------------------------------------    -------------------





